*** ENVIRONMENT CRASH ***

Date: Oct 31 2017 8:24 PM

File Name: C:\Program Files (x86)\Ready to Program\Ready.exe
Version: 1.7.1  [11]
File Size: 2908199
File Date: Oct 7 2003 3:57 PM
Operating System: After Windows XP
JVM: Ready Built-in JRE (1.4.2 or later)
"assert" Statements: disabled


Cause of Crash: Access Violation

Previous Operations:
  CMD: COMMAND_MOVE/SELECT_LINE_DOWN
    Move Line Down - Text: 2579500 - Select: 0
    Text - sz:617:18872 - slFr:525:0:15484 - slTo:525:0:15484 - nlA:0
    Line Starts: 614:18837 615:18870 616:18871 617:18872
  CMD: COMMAND_MOVE/SELECT_LINE_DOWN
    Move Line Down - Text: 2579500 - Select: 0
    Text - sz:617:18872 - slFr:526:0:15532 - slTo:526:0:15532 - nlA:0
    Line Starts: 614:18837 615:18870 616:18871 617:18872
  CMD: COMMAND_MOVE/SELECT_LINE_DOWN
    Move Line Down - Text: 2579500 - Select: 0
    Text - sz:617:18872 - slFr:527:0:15542 - slTo:527:0:15542 - nlA:0
    Line Starts: 614:18837 615:18870 616:18871 617:18872
  CMD: COMMAND_MOVE/SELECT_LINE_DOWN
    Move Line Down - Text: 2579500 - Select: 0
    Text - sz:617:18872 - slFr:528:0:15569 - slTo:528:0:15569 - nlA:0
    Line Starts: 614:18837 615:18870 616:18871 617:18872
  CMD: COMMAND_MOVE/SELECT_LINE_DOWN
    Move Line Down - Text: 2579500 - Select: 0
    Text - sz:617:18872 - slFr:529:0:15579 - slTo:529:0:15579 - nlA:0
    Line Starts: 614:18837 615:18870 616:18871 617:18872
  CMD: COMMAND_MOVE/SELECT_LINE_DOWN
    Move Line Down - Text: 2579500 - Select: 0
    Text - sz:617:18872 - slFr:530:0:15610 - slTo:530:0:15610 - nlA:0
    Line Starts: 614:18837 615:18870 616:18871 617:18872
  CMD: COMMAND_MOVE/SELECT_LINE_DOWN
    Move Line Down - Text: 2579500 - Select: 0
    Text - sz:617:18872 - slFr:531:0:15624 - slTo:531:0:15624 - nlA:0
    Line Starts: 614:18837 615:18870 616:18871 617:18872
  CMD: COMMAND_MOVE/SELECT_LINE_DOWN
    Move Line Down - Text: 2579500 - Select: 0
    Text - sz:617:18872 - slFr:532:0:15658 - slTo:532:0:15658 - nlA:0
    Line Starts: 614:18837 615:18870 616:18871 617:18872
  CMD: COMMAND_MOVE/SELECT_LINE_DOWN
    Move Line Down - Text: 2579500 - Select: 0
    Text - sz:617:18872 - slFr:533:0:15710 - slTo:533:0:15710 - nlA:0
    Line Starts: 614:18837 615:18870 616:18871 617:18872
  CMD: COMMAND_MOVE/SELECT_LINE_DOWN
    Move Line Down - Text: 2579500 - Select: 0
    Text - sz:617:18872 - slFr:534:0:15754 - slTo:534:0:15754 - nlA:0
    Line Starts: 614:18837 615:18870 616:18871 617:18872
  CMD: COMMAND_MOVE/SELECT_LINE_DOWN
    Move Line Down - Text: 2579500 - Select: 0
    Text - sz:617:18872 - slFr:535:0:15786 - slTo:535:0:15786 - nlA:0
    Line Starts: 614:18837 615:18870 616:18871 617:18872
  CMD: COMMAND_MOVE/SELECT_LINE_DOWN
    Move Line Down - Text: 2579500 - Select: 0
    Text - sz:617:18872 - slFr:536:0:15804 - slTo:536:0:15804 - nlA:0
    Line Starts: 614:18837 615:18870 616:18871 617:18872
  CMD: COMMAND_MOVE/SELECT_LINE_DOWN
    Move Line Down - Text: 2579500 - Select: 0
    Text - sz:617:18872 - slFr:537:0:15884 - slTo:537:0:15884 - nlA:0
    Line Starts: 614:18837 615:18870 616:18871 617:18872
  CMD: COMMAND_MOVE/SELECT_LINE_DOWN
    Move Line Down - Text: 2579500 - Select: 0
    Text - sz:617:18872 - slFr:538:0:15902 - slTo:538:0:15902 - nlA:0
    Line Starts: 614:18837 615:18870 616:18871 617:18872
  CMD: COMMAND_MOVE/SELECT_LINE_DOWN
    Move Line Down - Text: 2579500 - Select: 0
    Text - sz:617:18872 - slFr:539:0:15939 - slTo:539:0:15939 - nlA:0
    Line Starts: 614:18837 615:18870 616:18871 617:18872
  CMD: COMMAND_MOVE/SELECT_LINE_DOWN
    Move Line Down - Text: 2579500 - Select: 0
    Text - sz:617:18872 - slFr:540:0:15957 - slTo:540:0:15957 - nlA:0
    Line Starts: 614:18837 615:18870 616:18871 617:18872
  CMD: COMMAND_MOVE/SELECT_LINE_DOWN
    Move Line Down - Text: 2579500 - Select: 0
    Text - sz:617:18872 - slFr:541:0:16037 - slTo:541:0:16037 - nlA:0
    Line Starts: 614:18837 615:18870 616:18871 617:18872
  CMD: COMMAND_MOVE/SELECT_LINE_DOWN
    Move Line Down - Text: 2579500 - Select: 0
    Text - sz:617:18872 - slFr:542:0:16038 - slTo:542:0:16038 - nlA:0
    Line Starts: 614:18837 615:18870 616:18871 617:18872
  CMD: COMMAND_MOVE/SELECT_LINE_DOWN
    Move Line Down - Text: 2579500 - Select: 0
    Text - sz:617:18872 - slFr:543:0:16056 - slTo:543:0:16056 - nlA:0
    Line Starts: 614:18837 615:18870 616:18871 617:18872
  CMD: COMMAND_MOVE/SELECT_LINE_DOWN
    Move Line Down - Text: 2579500 - Select: 0
    Text - sz:617:18872 - slFr:544:0:16093 - slTo:544:0:16093 - nlA:0
    Line Starts: 614:18837 615:18870 616:18871 617:18872
  CMD: COMMAND_MOVE/SELECT_LINE_DOWN
    Move Line Down - Text: 2579500 - Select: 0
    Text - sz:617:18872 - slFr:545:0:16111 - slTo:545:0:16111 - nlA:0
    Line Starts: 614:18837 615:18870 616:18871 617:18872
  CMD: COMMAND_MOVE/SELECT_LINE_DOWN
    ннннннннннннннннннннннннннннннннннннннннннннннннннннннннннннннннннннннннннннннннннннннннннннннннннннннннннннннннннннннннннннннннннннннннннннннннннннннннннннннннннннннннннннннннннннннннннннннннннннннннннннннннннннннннннннннннннннннннннннннннннннннннннннннннннннннннннннннннннннннннннннннннннннннннннннннннннннннннннннннннннннннннннннннннннннннннннннннннннннннннннннннннннннннннннннннннннннннннннннннннннннннннннннннннннннннннннннннннннннннннннннннннннннннннннннннннннннннннннннннннннннннннннннннннннннннннннннннннE
    ннннннннннннннннннннннннннннннннннннннннннннннннннннннннннннннннннннннннннннннннннннннннннннннннннннннннннннннннннннннннннннннннннннннннннннннннннннннннннннннннннннннннннннннннннннннннннннннннннннннннннннннннннннннннннннннннннннннннннннннннннннннннннннннннннннннннннннннннннннннннннннннннннннннннннннннннннннннннннннннннннннннннннннннннннннннннннннннннннннннннннннннннннннннннннннннннннннннннннннннннннннннннннннннннннннннннннннннннннннннннннннннннннннннннннннннннннннннннннннннннннннннннннннннннннннннннннннннннE
    ннннннннннннннннннннннннннннннннннннннннннннннннннннннннннннннннннннннннннннннннннннннннннннннннннннннннннннннннннннннннннннннннннннннннннннннннннннннннннннннннннннннннннннннннннннннннннннннннннннннннннннннннннннннннннннннннннннннннннннннннннннннннннннннннннннннннннннннннннннннннннннннннннннннннннннннннннннннннннннннннннннннннннннннннннннннннннннннннннннннннннннннннннннннннннннннннннннннннннннннннннннннннннннннннннннннннннннннннннннннннннннннннннннннннннннннннннннннннннннннннннннннннннннннннннннннннннннннннE
    нннннннннннннннннннннннннннннннннннннннннннннннннннннннннннннннннннннннннннннннннннннннннннннннннннннннннннннннннннннннннннннннннннннннннннннннннннннннннннннннннннннннннннннннннннннннннннннннннннннннннннннннннннннннннннннннннннннннннннннннннннннннннннннннннннннннннннннннннннннннннннннннннннннннннннннннннннннннннннннннннннннннннннннннннннннннннннннннннннннннннннннннннннннннннннннннннннннннннннннннннннннннннннннннннннннннннннннннннннннннннннннннннннннннннннннннннннннннннннннннннннннннннннннннннннннннн
    нннннннннннннннннннннннннннннннннннннннннннннннннннннннннннннннннннннннннннннннннннннннннннннннннннннннннннннннннннннннннннннннннннннннннннннннннннннннннннннннннннннннннннннннннннннннннннннннннннннннннннннннннннннннннннннннннннннннннннннннннннннннннннннннннннннннннннннннннннннннннннннннннннннннннннннннннннннннннннннннннннннннннннннннннннннннннннннннннннннннннннннннннннннннннннннннннннннннннннннннннннннннннннннннннннннннннннннннннннннннннннннннннннннннннннннннннннннннннннннннннннннннннннннннннннннннн
    нннннннннннннннннннннннннннннннннннннннннннннннннннннннннннннннннннннннннннннннннннннннннннннннннннннннннннннннннннннннннннннннннннннннннннннннннннннннннннннннннннннннннннннннннннннннннннннннннннннннннннннннннннннннннннннннннннннннннннннннннннннннннннннннннннннннннннннннннннннннннннннннннннннннннннннннннннннннннннннннннннннннннннннннннннннннннннннннннннннннннннннннннннннннннннннннннннннннннннннннннннннннннннннннннннннннннннннннннннннннннннннннннннннннннннннннннннннннннннннннннннннннннннннннннннннннн
    нннннннннннннннннннннннннннннннннннннннннннннннннннннннннннннннннннннннннннннннннннннннннннннннннннннннннннннннннннннннннннннннннннннннннннннннннннннннннннннннннннннннннннннннннннннннннннннннннннннннннннннннннннннннннннннннннннннннннннннннннннннннннннннннннннннннннннннннннннннннннннннннннннннннннннннннннннннннннннннннннннннннннннннннннннннннннннннннннннннннннннннннннннннннннннннннннннннннннннннннннннннннннннннннннннннннннннннннннннннннннннннннннннннннннннннннннннннннннннннннннннннннннннннннннннннннн
    нннннннннннннннннннннннннннннннннннннннннннннннннннннннннннннннннннннннннннннннннннннннннннннннннннннннннннннннннннннннннннннннннннннннннннннннннннннннннннннннннннннннннннннннннннннннннннннннннннннннннннннннннннннннннннннннннннннннннннннннннннннннннннннннннннннннннннннннннннннннннннннннннннннннннннннннннннннннннннннннннннннннннннннннннннннннннннннннннннннннннннннннннннннннннннннннннннннннннннннннннннннннннннннннннннннннннннннннннннннннннннннннннннннннннннннннннннннннннннннннннннннннннннннннннннннннн
    нннннннннннннннннннннннннннннннннннннннннннннннннннннннннннннннннннннннннннннннннннннннннннннннннннннннннннннннннннннннннннннннннннннннннннннннннннннннннннннннннннннннннннннннннннннннннннннннннннннннннннннннннннннннннннннннннннннннннннннннннннннннннннннннннннннннннннннннннннннннннннннннннннннннннннннннннннннннннннннннннннннннннннннннннннннннннннннннннннннннннннннннннннннннннннннннннннннннннннннннннннннннннннннннннннннннннннннннннннннннннннннннннннннннннннннннннннннннннннннннннннннннннннннннннннннннн
    нннннннннннннннннннннннннннннннннннннннннннннннннннннннннннннннннннннннннннннннннннннннннннннннннннннннннннннннннннннннннннннннннннннннннннннннннннннннннннннннннннннннннннннннннннннннннннннннннннннннннннннннннннннннннннннннннннннннннннннннннннннннннннннннннннннннннннннннннннннннннннннннннннннннннннннннннннннннннннннннннннннннннннннннннннннннннннннннннннннннннннннннннннннннннннннннннннннннннннннннннннннннннннннннннннннннннннннннннннннннннннннннннннннннннннннннннннннннннннннннннннннннннннннннннннннннн
    нннннннннннннннннннннннннннннннннннннннннннннннннннннннннннннннннннннннннннннннннннннннннннннннннннннннннннннннннннннннннннннннннннннннннннннннннннннннннннннннннннннннннннннннннннннннннннннннннннннннннннннннннннннннннннннннннннннннннннннннннннннннннннннннннннннннннннннннннннннннннннннннннннннннннннннннннннннннннннннннннннннннннннннннннннннннннннннннннннннннннннннннннннннннннннннннннннннннннннннннннннннннннннннннннннннннннннннннннннннннннннннннннннннннннннннннннннннннннннннннннннннннннннннннннннннннн
    нннннннннннннннннннннннннннннннннннннннннннннннннннннннннннннннннннннннннннннннннннннннннннннннннннннннннннннннннннннннннннннннннннннннннннннннннннннннннннннннннннннннннннннннннннннннннннннннннннннннннннннннннннннннннннннннннннннннннннннннннннннннннннннннннннннннннннннннннннннннннннннннннннннннннннннннннннннннннннннннннннннннннннннннннннннннннннннннннннннннннннннннннннннннннннннннннннннннннннннннннннннннннннннннннннннннннннннннннннннннннннннннннннннннннннннннннннннннннннннннннннннннннннннннннннннннн
    нннннннннннннннннннннннннннннннннннннннннннннннннннннннннннннннннннннннннннннннннннннннннннннннннннннннннннннннннннннннннннннннннннннннннннннннннннннннннннннннннннннннннннннннннннннннннннннннннннннннннннннннннннннннннннннннннннннннннннннннннннннннннннннннннннннннннннннннннннннннннннннннннннннннннннннннннннннннннннннннннннннннннннннннннннннннннннннннннннннннннннннннннннннннннннннннннннннннннннннннннннннннннннннннннннннннннннннннннннннннннннннннннннннннннннннннннннннннннннннннннннннннннннннннннннннннн
    ннннннннннннннннннннннннннннннннннннннннннннннннннннннннннннннннннннннннннннннннннннннннннннннннннннннннннннннннннннннннннннннннннннннннннннннннннннннннннннннннннннннннннннннннннннннннннннннннннннннннннннннннннннннннннннннннннннннннннннннннннннннннннннннннннннннннннннннннннннннннннннннннннннннннннннннннннннннннннннннннннннннннннннннннннннннннннннннннннннннннннннннннннннннннннннннннннннннннннннннннннннннннннннннннннннннннннннннннннннннннннннннннннннннннннннннннннннннннннннннннннннннннннннннннннннннннpire hunterэ^R00иbo џџ"
    Line Starts: 614:18837 615:18870 616:18871 617:18872
  CMD: COMMAND_MOVE/SELECT_LINE_DOWN
    Move Line Down - Text: 2579500 - Select: 0
    Text - sz:617:18872 - slFr:550:0:16312 - slTo:550:0:16312 - nlA:0
    Line Starts: 614:18837 615:18870 616:18871 617:18872
  CMD: COMMAND_MOVE/SELECT_LINE_DOWN
    Move Line Down - Text: 2579500 - Select: 0
    Text - sz:617:18872 - slFr:551:0:16354 - slTo:551:0:16354 - nlA:0
    Line Starts: 614:18837 615:18870 616:18871 617:18872
  CMD: COMMAND_MOVE/SELECT_LINE_DOWN
    Move Line Down - Text: 2579500 - Select: 0
    Text - sz:617:18872 - slFr:552:0:16388 - slTo:552:0:16388 - nlA:0
    Line Starts: 614:18837 615:18870 616:18871 617:18872
  CMD: COMMAND_MOVE/SELECT_LINE_DOWN
    Move Line Down - Text: 2579500 - Select: 0
    Text - sz:617:18872 - slFr:553:0:16427 - slTo:553:0:16427 - nlA:0
    Line Starts: 614:18837 615:18870 616:18871 617:18872
  CMD: COMMAND_MOVE/SELECT_LINE_DOWN
    Move Line Down - Text: 2579500 - Select: 0
    Text - sz:617:18872 - slFr:554:0:16504 - slTo:554:0:16504 - nlA:0
    Line Starts: 614:18837 615:18870 616:18871 617:18872
  CMD: COMMAND_MOVE/SELECT_LINE_DOWN
    Move Line Down - Text: 2579500 - Select: 0
    Text - sz:617:18872 - slFr:555:0:16590 - slTo:555:0:16590 - nlA:0
    Line Starts: 614:18837 615:18870 616:18871 617:18872
  CMD: COMMAND_MOVE/SELECT_LINE_DOWN
    Move Line Down - Text: 2579500 - Select: 0
    Text - sz:617:18872 - slFr:556:0:16623 - slTo:556:0:16623 - nlA:0
    Line Starts: 614:18837 615:18870 616:18871 617:18872
  CMD: COMMAND_MOVE/SELECT_LINE_DOWN
    Move Line Down - Text: 2579500 - Select: 0
    Text - sz:617:18872 - slFr:557:0:16692 - slTo:557:0:16692 - nlA:0
    Line Starts: 614:18837 615:18870 616:18871 617:18872
  CMD: COMMAND_MOVE/SELECT_LINE_DOWN
    Move Line Down - Text: 2579500 - Select: 0
    Text - sz:617:18872 - slFr:558:0:16710 - slTo:558:0:16710 - nlA:0
    Line Starts: 614:18837 615:18870 616:18871 617:18872
  CMD: COMMAND_MOVE/SELECT_LINE_DOWN
    Move Line Down - Text: 2579500 - Select: 0
    Text - sz:617:18872 - slFr:559:0:16820 - slTo:559:0:16820 - nlA:0
    Line Starts: 614:18837 615:18870 616:18871 617:18872
  CMD: COMMAND_MOVE/SELECT_LINE_DOWN
    Move Line Down - Text: 2579500 - Select: 0
    Text - sz:617:18872 - slFr:560:0:16838 - slTo:560:0:16838 - nlA:0
    Line Starts: 614:18837 615:18870 616:18871 617:18872
  CMD: WM_CLOSE (W)
  CMD: WM_ACTIVATE (W)
  CMD: WM_ACTIVATE (W)
  CMD: WM_ACTIVATE (W)
  CMD: WM_DESTROY (W)
  CMD: WM_DESTROY (D)


Registers
  EAX=22FFFF20  EBX=026F6668  ECX=026F84A0  EDX=026F62D8  ESI=026F8498
  EDI=026F0000  EBP=0019E598  ESP=0019E438  EIP=77A81161  FLG=00010246
  CS=0023  DS=002B  SS=002B  ES=002B  FS=0053  GS=002B

List of Modules: 
    C:\Program Files (x86)\Ready to Program\Ready.exe
    C:\WINDOWS\SYSTEM32\ntdll.dll
    C:\WINDOWS\System32\KERNEL32.DLL
    C:\WINDOWS\System32\KERNELBASE.dll
    C:\WINDOWS\System32\USER32.dll
    C:\WINDOWS\System32\win32u.dll
    C:\WINDOWS\System32\GDI32.dll
    C:\WINDOWS\System32\gdi32full.dll
    C:\WINDOWS\System32\msvcp_win.dll
    C:\WINDOWS\System32\ucrtbase.dll
    C:\WINDOWS\System32\comdlg32.dll
    C:\WINDOWS\System32\msvcrt.dll
    C:\WINDOWS\System32\combase.dll
    C:\WINDOWS\System32\RPCRT4.dll
    C:\WINDOWS\System32\SspiCli.dll
    C:\WINDOWS\System32\CRYPTBASE.dll
    C:\WINDOWS\System32\bcryptPrimitives.dll
    C:\WINDOWS\System32\sechost.dll
    C:\WINDOWS\System32\shcore.dll
    C:\WINDOWS\System32\SHLWAPI.dll
    C:\WINDOWS\System32\SHELL32.dll
    C:\WINDOWS\System32\cfgmgr32.dll
    C:\WINDOWS\WinSxS\x86_microsoft.windows.common-controls_6595b64144ccf1df_5.82.15063.413_none_55bc94a37c2a2854\COMCTL32.dll
    C:\WINDOWS\System32\ADVAPI32.dll
    C:\WINDOWS\System32\windows.storage.dll
    C:\WINDOWS\System32\kernel.appcore.dll
    C:\WINDOWS\System32\powrprof.dll
    C:\WINDOWS\System32\profapi.dll
    C:\WINDOWS\SYSTEM32\VERSION.dll
    C:\WINDOWS\SYSTEM32\WINMM.dll
    C:\WINDOWS\SYSTEM32\winmmbase.dll
    C:\WINDOWS\System32\IMM32.DLL
    C:\WINDOWS\system32\uxtheme.dll
    C:\WINDOWS\System32\MSCTF.dll
    C:\WINDOWS\System32\OLEAUT32.dll
    C:\Program Files (x86)\Ready to Program\Support\Bin\edjdll.dll
    C:\Program Files (x86)\Ready to Program\Support\jre142_01\bin\client\jvm.dll
    C:\WINDOWS\system32\apphelp.dll
    C:\Program Files (x86)\Ready to Program\Support\jre142_01\bin\hpi.dll
    C:\Program Files (x86)\Ready to Program\Support\jre142_01\bin\verify.dll
    C:\Program Files (x86)\Ready to Program\Support\jre142_01\bin\java.dll
    C:\Program Files (x86)\Ready to Program\Support\jre142_01\bin\zip.dll
    C:\WINDOWS\System32\TextInputFramework.dll
    C:\WINDOWS\System32\CoreUIComponents.dll
    C:\WINDOWS\System32\CoreMessaging.dll
    C:\WINDOWS\SYSTEM32\ntmarta.dll
    C:\WINDOWS\SYSTEM32\wintypes.dll
    C:\WINDOWS\SYSTEM32\usermgrcli.dll
    C:\WINDOWS\system32\dwmapi.dll
    C:\Program Files (x86)\Ready to Program\Support\jre142_01\bin\dt_shmem.dll
    C:\Program Files (x86)\Ready to Program\Support\jre142_01\bin\net.dll
    C:\WINDOWS\System32\WS2_32.dll
    C:\WINDOWS\WinSxS\x86_microsoft.windows.common-controls_6595b64144ccf1df_6.0.15063.483_none_6dad63fefc436da8\comctl32.DLL
    C:\WINDOWS\system32\napinsp.dll
    C:\WINDOWS\system32\pnrpnsp.dll
    C:\WINDOWS\system32\NLAapi.dll
    C:\WINDOWS\System32\mswsock.dll
    C:\WINDOWS\SYSTEM32\DNSAPI.dll
    C:\WINDOWS\System32\NSI.dll
    C:\WINDOWS\SYSTEM32\IPHLPAPI.DLL
    C:\WINDOWS\System32\winrnr.dll
    C:\WINDOWS\System32\wshbth.dll
    C:\WINDOWS\System32\fwpuclnt.dll
    C:\WINDOWS\SYSTEM32\bcrypt.dll
    C:\Windows\System32\rasadhlp.dll
    C:\WINDOWS\System32\ole32.dll
    C:\WINDOWS\SYSTEM32\dbghelp.dll

  0 .V PC=0023:77a81161 Ret=77a80ad7 Frame=0019e598 Stack=0019e438
    Parameters (0x026f8270 0x026f8278 0x0019fef0 0x0019e6a0)
    Unknown module, RtlGetCurrentServiceSessionId() + 0737 byte(s)
  1 .V PC=0023:77a80ad7 Ret=00530995 Frame=0019e5ec Stack=0019e5a0
    Parameters (0x026f0000 0x00000000 0x026f8278 0x0019fef0)
    Unknown module, RtlFreeHeap() + 0535 byte(s)
  2 .V PC=0023:00530995 Ret=00526037 Frame=0019e634 Stack=0019e5f4
    Parameters (0x026f8278 0x0019fef0 0x0019e6a0 0x00360000)
    free.c, _free_base (), Line 0096+0000 byte(s)
  3 .V PC=0023:00526037 Ret=00525c51 Frame=0019e650 Stack=0019e63c
    Parameters (0x026f8298 0x00000001 0x0019fef0 0x0019e6a0)
    dbgheap.c, _free_dbg_lk (), Line 1116+0009 byte(s)
  4 .V PC=0023:00525c51 Ret=00414d57 Frame=0019e684 Stack=0019e658
    Parameters (0x026f8298 0x00000001 0x0000000d 0x0019fef0)
    dbgheap.c, _free_dbg (), Line 1001+0013 byte(s)
  5 .V PC=0023:00414d57 Ret=0040172b Frame=0019e698 Stack=0019e68c
    Parameters (0x0052cb00 0x0052cb00 0xcccccccc 0xcccccccc)
    src\edfail.c, EdFail_Finalize (), Line 0157+0018 byte(s)
  6 .V PC=0023:0040172b Ret=0052cc26 Frame=0019fef0 Stack=0019e6a0
    Parameters (0x00400000 0x00000000 0x008a3fdc 0x00000001)
    src\ed.c, WinMain (), Line 0486+0000 byte(s)
  7 .V PC=0023:0052cc26 Ret=774e8744 Frame=0019ff80 Stack=0019fef8
    Parameters (0x00360000 0x774e8720 0x848e1399 0x0019ffdc)
    crt0.c, WinMainCRTStartup (), Line 0198+0054 byte(s)
  8 .V PC=0023:774e8744 Ret=77aa582d Frame=0019ff94 Stack=0019ff88
    Parameters (0x00360000 0x5a8fd6d1 0x00000000 0x00000000)
    Unknown module, BaseThreadInitThunk() + 0036 byte(s)
  9 .V PC=0023:77aa582d Ret=77aa57fd Frame=0019ffdc Stack=0019ff9c
    Parameters (0xffffffff 0x77ac6376 0x00000000 0x00000000)
    Unknown module, RtlGetAppContainerNamedObjectPath() + 0253 byte(s)
 10 .V PC=0023:77aa57fd Ret=00000000 Frame=0019ffec Stack=0019ffe4
    Parameters (0x0052cb00 0x00360000 0x00000000 0x78746341)
    Unknown module, RtlGetAppContain